<?xml version="1.0" encoding="UTF-8"?>
<!-- Generated by org.testng.reporters.JUnitXMLReporter -->
<testsuite hostname="mgs" name="Default test" tests="3" failures="0" timestamp="1 Jan 2016 02:23:05 GMT" time="32.713" errors="0">
  <testcase name="testMethod" time="3.793" classname="parameters.ParameterByDataprovider"/>
  <testcase name="testMethod" time="3.579" classname="parameters.ParameterByDataprovider"/>
  <testcase name="testMethod" time="3.449" classname="parameters.ParameterByDataprovider"/>
</testsuite> <!-- Default test -->
