<?xml version="1.0" encoding="UTF-8"?>
<testng-results skipped="0" failed="0" total="3" passed="3">
  <reporter-output>
  </reporter-output>
  <suite name="Default suite" duration-ms="32713" started-at="2016-01-01T02:22:32Z" finished-at="2016-01-01T02:23:05Z">
    <groups>
    </groups>
    <test name="Default test" duration-ms="32713" started-at="2016-01-01T02:22:32Z" finished-at="2016-01-01T02:23:05Z">
      <class name="parameters.ParameterByDataprovider">
        <test-method status="PASS" signature="setup()[pri:0, instance:parameters.ParameterByDataprovider@1df28bb]" name="setup" is-config="true" duration-ms="21793" started-at="2015-12-31T21:22:32Z" finished-at="2015-12-31T21:22:54Z">
          <reporter-output>
          </reporter-output>
        </test-method> <!-- setup -->
        <test-method status="PASS" signature="testMethod(java.lang.String, java.lang.String)[pri:0, instance:parameters.ParameterByDataprovider@1df28bb]" name="testMethod" duration-ms="3793" started-at="2015-12-31T21:22:54Z" data-provider="SearchProvider" finished-at="2015-12-31T21:22:58Z">
          <params>
            <param index="0">
              <value>
                <![CDATA[Guru99]]>
              </value>
            </param>
            <param index="1">
              <value>
                <![CDATA[India]]>
              </value>
            </param>
          </params>
          <reporter-output>
          </reporter-output>
        </test-method> <!-- testMethod -->
        <test-method status="PASS" signature="testMethod(java.lang.String, java.lang.String)[pri:0, instance:parameters.ParameterByDataprovider@1df28bb]" name="testMethod" duration-ms="3579" started-at="2015-12-31T21:22:58Z" data-provider="SearchProvider" finished-at="2015-12-31T21:23:01Z">
          <params>
            <param index="0">
              <value>
                <![CDATA[Krishna]]>
              </value>
            </param>
            <param index="1">
              <value>
                <![CDATA[UK]]>
              </value>
            </param>
          </params>
          <reporter-output>
          </reporter-output>
        </test-method> <!-- testMethod -->
        <test-method status="PASS" signature="testMethod(java.lang.String, java.lang.String)[pri:0, instance:parameters.ParameterByDataprovider@1df28bb]" name="testMethod" duration-ms="3449" started-at="2015-12-31T21:23:01Z" data-provider="SearchProvider" finished-at="2015-12-31T21:23:05Z">
          <params>
            <param index="0">
              <value>
                <![CDATA[Bhupesh]]>
              </value>
            </param>
            <param index="1">
              <value>
                <![CDATA[USA]]>
              </value>
            </param>
          </params>
          <reporter-output>
          </reporter-output>
        </test-method> <!-- testMethod -->
      </class> <!-- parameters.ParameterByDataprovider -->
    </test> <!-- Default test -->
  </suite> <!-- Default suite -->
</testng-results>
